{"/Users/seancannon/Projects/goby/spec/generateSpec.js":{"path":"/Users/seancannon/Projects/goby/spec/generateSpec.js","s":{"1":1,"2":1,"3":1,"4":1,"5":1,"6":1,"7":4,"8":1,"9":1,"10":1,"11":1,"12":1,"13":1,"14":1,"15":1,"16":1},"b":{},"f":{"1":1,"2":4,"3":1,"4":1,"5":1,"6":1,"7":1},"fnMap":{"1":{"name":"(anonymous_1)","line":16,"loc":{"start":{"line":16,"column":21},"end":{"line":16,"column":32}}},"2":{"name":"(anonymous_2)","line":18,"loc":{"start":{"line":18,"column":13},"end":{"line":18,"column":24}}},"3":{"name":"(anonymous_3)","line":22,"loc":{"start":{"line":22,"column":68},"end":{"line":22,"column":79}}},"4":{"name":"(anonymous_4)","line":26,"loc":{"start":{"line":26,"column":62},"end":{"line":26,"column":73}}},"5":{"name":"(anonymous_5)","line":30,"loc":{"start":{"line":30,"column":48},"end":{"line":30,"column":59}}},"6":{"name":"(anonymous_6)","line":34,"loc":{"start":{"line":34,"column":76},"end":{"line":34,"column":87}}},"7":{"name":"(anonymous_7)","line":35,"loc":{"start":{"line":35,"column":11},"end":{"line":35,"column":22}}}},"statementMap":{"1":{"start":{"line":3,"column":0},"end":{"line":3,"column":25}},"2":{"start":{"line":5,"column":0},"end":{"line":6,"column":13}},"3":{"start":{"line":8,"column":0},"end":{"line":12,"column":33}},"4":{"start":{"line":14,"column":0},"end":{"line":14,"column":79}},"5":{"start":{"line":16,"column":0},"end":{"line":40,"column":3}},"6":{"start":{"line":18,"column":2},"end":{"line":20,"column":5}},"7":{"start":{"line":19,"column":4},"end":{"line":19,"column":55}},"8":{"start":{"line":22,"column":2},"end":{"line":24,"column":5}},"9":{"start":{"line":23,"column":4},"end":{"line":23,"column":64}},"10":{"start":{"line":26,"column":2},"end":{"line":28,"column":5}},"11":{"start":{"line":27,"column":4},"end":{"line":27,"column":42}},"12":{"start":{"line":30,"column":2},"end":{"line":32,"column":5}},"13":{"start":{"line":31,"column":4},"end":{"line":31,"column":34}},"14":{"start":{"line":34,"column":2},"end":{"line":38,"column":5}},"15":{"start":{"line":35,"column":4},"end":{"line":37,"column":52}},"16":{"start":{"line":36,"column":6},"end":{"line":36,"column":66}}},"branchMap":{}},"/Users/seancannon/Projects/goby/lib/methods/generate.js":{"path":"/Users/seancannon/Projects/goby/lib/methods/generate.js","s":{"1":1,"2":1,"3":4,"4":1,"5":4,"6":4,"7":1,"8":3,"9":1},"b":{"1":[1,3]},"f":{"1":4,"2":4},"fnMap":{"1":{"name":"(anonymous_1)","line":5,"loc":{"start":{"line":5,"column":21},"end":{"line":5,"column":41}}},"2":{"name":"(anonymous_2)","line":16,"loc":{"start":{"line":16,"column":23},"end":{"line":16,"column":61}}}},"statementMap":{"1":{"start":{"line":3,"column":0},"end":{"line":3,"column":25}},"2":{"start":{"line":5,"column":0},"end":{"line":7,"column":3}},"3":{"start":{"line":6,"column":2},"end":{"line":6,"column":21}},"4":{"start":{"line":16,"column":0},"end":{"line":25,"column":3}},"5":{"start":{"line":18,"column":2},"end":{"line":18,"column":98}},"6":{"start":{"line":20,"column":2},"end":{"line":22,"column":3}},"7":{"start":{"line":21,"column":4},"end":{"line":21,"column":109}},"8":{"start":{"line":24,"column":2},"end":{"line":24,"column":63}},"9":{"start":{"line":27,"column":0},"end":{"line":27,"column":26}}},"branchMap":{"1":{"line":20,"type":"if","locations":[{"start":{"line":20,"column":2},"end":{"line":20,"column":2}},{"start":{"line":20,"column":2},"end":{"line":20,"column":2}}]}}}}