TN:
SF:/Users/seancannon/Projects/goby/spec/generateSpec.js
FN:16,(anonymous_1)
FN:18,(anonymous_2)
FN:22,(anonymous_3)
FN:26,(anonymous_4)
FN:30,(anonymous_5)
FN:34,(anonymous_6)
FN:35,(anonymous_7)
FNF:7
FNH:7
FNDA:1,(anonymous_1)
FNDA:4,(anonymous_2)
FNDA:1,(anonymous_3)
FNDA:1,(anonymous_4)
FNDA:1,(anonymous_5)
FNDA:1,(anonymous_6)
FNDA:1,(anonymous_7)
DA:3,1
DA:5,1
DA:8,1
DA:14,1
DA:16,1
DA:18,1
DA:19,4
DA:22,1
DA:23,1
DA:26,1
DA:27,1
DA:30,1
DA:31,1
DA:34,1
DA:35,1
DA:36,1
LF:16
LH:16
BRF:0
BRH:0
end_of_record
TN:
SF:/Users/seancannon/Projects/goby/lib/methods/generate.js
FN:5,(anonymous_1)
FN:16,(anonymous_2)
FNF:2
FNH:2
FNDA:4,(anonymous_1)
FNDA:4,(anonymous_2)
DA:3,1
DA:5,1
DA:6,4
DA:16,1
DA:18,4
DA:20,4
DA:21,1
DA:24,3
DA:27,1
LF:9
LH:9
BRDA:20,1,0,1
BRDA:20,1,1,3
BRF:2
BRH:2
end_of_record
